baidumap_flutter_demo/build/app/intermediates/manifest_merge_blame_file/debug/manifest-merger-blame-debug-report.txt
1<?xml version="1.0" encoding="utf-8"?>
2<manifest xmlns:android="http://schemas.android.com/apk/res/android"
3    package="com.baidu.flutter_bmfmap_example"
4    android:versionCode="1"
5    android:versionName="1.0.0" >
6
7    <uses-sdk
8        android:minSdkVersion="16"
9        android:targetSdkVersion="28" />
10    <!--
11         Flutter needs it to communicate with the running application
12         to allow setting breakpoints, to provide hot reload, etc.
13    -->
14    <uses-permission android:name="android.permission.INTERNET" />
14-->src\main\AndroidManifest.xml:18:5-67
14-->src\main\AndroidManifest.xml:18:22-64
15    <!--
16     io.flutter.app.FlutterApplication is an android.app.Application that
17         calls FlutterMain.startInitialization(this); in its onCreate method.
18         In most cases you can leave this as-is, but you if you want to provide
19         additional functionality it is fine to subclass or reimplement
20         FlutterApplication and put your custom class here.
21    -->
22    <!-- 用于访问wifi网络信息，wifi信息会用于进行网络定位 -->
23    <uses-permission android:name="android.permission.ACCESS_WIFI_STATE" /> <!-- 获取网络状态，根据网络状态切换进行数据请求网络转换 -->
23-->src\main\AndroidManifest.xml:10:5-76
23-->src\main\AndroidManifest.xml:10:22-73
24    <uses-permission android:name="android.permission.ACCESS_NETWORK_STATE" /> <!-- 写外置存储。如果开发者使用了离线地图，并且数据写在外置存储区域，则需要申请该权限 -->
24-->src\main\AndroidManifest.xml:12:5-79
24-->src\main\AndroidManifest.xml:12:22-76
25    <uses-permission android:name="android.permission.WRITE_EXTERNAL_STORAGE" /> <!-- 读取外置存储。如果开发者使用了so动态加载功能并且把so文件放在了外置存储区域，则需要申请该权限，否则不需要 -->
25-->src\main\AndroidManifest.xml:14:5-81
25-->src\main\AndroidManifest.xml:14:22-78
26    <uses-permission android:name="android.permission.READ_EXTERNAL_STORAGE" /> <!-- Demo弹窗需要 -->
26-->src\main\AndroidManifest.xml:16:5-80
26-->src\main\AndroidManifest.xml:16:22-77
27    <uses-permission android:name="android.permission.WAKE_LOCK" />
27-->src\main\AndroidManifest.xml:21:5-68
27-->src\main\AndroidManifest.xml:21:22-65
28    <uses-permission android:name="android.permission.VIBRATE" />
28-->src\main\AndroidManifest.xml:24:5-66
28-->src\main\AndroidManifest.xml:24:22-63
29    <uses-permission android:name="android.permission.RECEIVE_BOOT_COMPLETED" /> <!-- 这个权限用于进行网络定位 -->
29-->src\main\AndroidManifest.xml:25:5-80
29-->src\main\AndroidManifest.xml:25:22-78
30    <uses-permission android:name="android.permission.ACCESS_COARSE_LOCATION" /> <!-- 这个权限用于访问GPS定位 -->
30-->[:flutter_bmflocation] AndroidManifest.xml:7:5-81
30-->[:flutter_bmflocation] AndroidManifest.xml:7:22-78
31    <uses-permission android:name="android.permission.ACCESS_FINE_LOCATION" /> <!-- 这个权限用于获取wifi的获取权限，wifi信息会用来进行网络定位 -->
31-->[:flutter_bmflocation] AndroidManifest.xml:9:5-79
31-->[:flutter_bmflocation] AndroidManifest.xml:9:22-76
32    <uses-permission android:name="android.permission.CHANGE_WIFI_STATE" /> <!-- 用于读取手机当前的状态 -->
32-->[:flutter_bmflocation] AndroidManifest.xml:15:5-76
32-->[:flutter_bmflocation] AndroidManifest.xml:15:22-73
33    <uses-permission android:name="android.permission.READ_PHONE_STATE" /> <!-- 读取系统信息，包含系统版本等信息，用作统计 -->
33-->[:flutter_bmflocation] AndroidManifest.xml:17:5-75
33-->[:flutter_bmflocation] AndroidManifest.xml:17:22-72
34    <uses-permission android:name="com.android.launcher.permission.READ_SETTINGS" />
34-->[:flutter_bmflocation] AndroidManifest.xml:24:5-85
34-->[:flutter_bmflocation] AndroidManifest.xml:24:22-82
35    <uses-permission android:name="android.permission.USE_FULL_SCREEN_INTENT" />
35-->[:flutter_local_notifications] AndroidManifest.xml:9:5-81
35-->[:flutter_local_notifications] AndroidManifest.xml:9:22-78
36
37    <application
37-->src\main\AndroidManifest.xml:27:5-52:19
38        android:name="com.baidu.flutter_bmfmap_example.MyApplication"
38-->src\main\AndroidManifest.xml:28:9-70
39        android:appComponentFactory="androidx.core.app.CoreComponentFactory"
39-->[androidx.core:core:1.3.1] AndroidManifest.xml:24:18-86
40        android:debuggable="true"
41        android:icon="@mipmap/ic_launcher"
41-->src\main\AndroidManifest.xml:31:9-43
42        android:label="养老院老人监控"
42-->src\main\AndroidManifest.xml:29:9-32
43        android:networkSecurityConfig="@xml/network_security_config" >
43-->src\main\AndroidManifest.xml:30:9-69
44        <meta-data
44-->src\main\AndroidManifest.xml:32:9-34:54
45            android:name="com.baidu.lbsapi.API_KEY"
45-->src\main\AndroidManifest.xml:33:13-52
46            android:value="请在此输入您在开放平台上申请的API_KEY" />
46-->src\main\AndroidManifest.xml:34:13-51
47
48        <activity
48-->src\main\AndroidManifest.xml:35:9-46:20
49            android:name="com.baidu.flutter_bmfmap_example.MapActivity"
49-->src\main\AndroidManifest.xml:36:13-72
50            android:configChanges="orientation|keyboardHidden|keyboard|screenSize|locale|layoutDirection|fontScale|screenLayout|density|uiMode"
50-->src\main\AndroidManifest.xml:38:13-144
51            android:hardwareAccelerated="true"
51-->src\main\AndroidManifest.xml:39:13-47
52            android:theme="@style/LaunchTheme"
52-->src\main\AndroidManifest.xml:37:13-47
53            android:windowSoftInputMode="adjustResize" >
53-->src\main\AndroidManifest.xml:40:13-55
54            <intent-filter>
54-->src\main\AndroidManifest.xml:42:13-45:29
55                <action android:name="android.intent.action.MAIN" />
55-->src\main\AndroidManifest.xml:43:17-68
55-->src\main\AndroidManifest.xml:43:25-66
56
57                <category android:name="android.intent.category.LAUNCHER" />
57-->src\main\AndroidManifest.xml:44:17-76
57-->src\main\AndroidManifest.xml:44:27-74
58            </intent-filter>
59        </activity>
60        <!--
61             Don't delete the meta-data below.
62             This is used by the Flutter tool to generate GeneratedPluginRegistrant.java
63        -->
64        <meta-data
64-->src\main\AndroidManifest.xml:49:9-51:33
65            android:name="flutterEmbedding"
65-->src\main\AndroidManifest.xml:50:13-44
66            android:value="2" />
66-->src\main\AndroidManifest.xml:51:13-30
67        <!-- 声明service组件 -->
68        <service
68-->[:flutter_bmflocation] AndroidManifest.xml:31:9-34:41
69            android:name="com.baidu.location.f"
69-->[:flutter_bmflocation] AndroidManifest.xml:32:13-48
70            android:enabled="true"
70-->[:flutter_bmflocation] AndroidManifest.xml:33:13-35
71            android:process=":remote" />
71-->[:flutter_bmflocation] AndroidManifest.xml:34:13-38
72
73        <receiver android:name="com.dexterous.flutterlocalnotifications.ScheduledNotificationReceiver" />
73-->[:flutter_local_notifications] AndroidManifest.xml:12:9-106
73-->[:flutter_local_notifications] AndroidManifest.xml:12:19-103
74        <receiver android:name="com.dexterous.flutterlocalnotifications.ScheduledNotificationBootReceiver" >
74-->[:flutter_local_notifications] AndroidManifest.xml:13:9-20:20
74-->[:flutter_local_notifications] AndroidManifest.xml:13:19-107
75            <intent-filter>
75-->[:flutter_local_notifications] AndroidManifest.xml:14:13-19:29
76                <action android:name="android.intent.action.BOOT_COMPLETED" />
76-->[:flutter_local_notifications] AndroidManifest.xml:15:17-79
76-->[:flutter_local_notifications] AndroidManifest.xml:15:25-76
77                <action android:name="android.intent.action.MY_PACKAGE_REPLACED" />
77-->[:flutter_local_notifications] AndroidManifest.xml:16:17-84
77-->[:flutter_local_notifications] AndroidManifest.xml:16:25-81
78                <action android:name="android.intent.action.QUICKBOOT_POWERON" />
78-->[:flutter_local_notifications] AndroidManifest.xml:17:17-82
78-->[:flutter_local_notifications] AndroidManifest.xml:17:25-79
79                <action android:name="com.htc.intent.action.QUICKBOOT_POWERON" />
79-->[:flutter_local_notifications] AndroidManifest.xml:18:17-82
79-->[:flutter_local_notifications] AndroidManifest.xml:18:25-79
80            </intent-filter>
81        </receiver>
82
83        <provider
83-->[:share] AndroidManifest.xml:8:9-16:20
84            android:name="io.flutter.plugins.share.ShareFileProvider"
84-->[:share] AndroidManifest.xml:9:13-70
85            android:authorities="com.baidu.flutter_bmfmap_example.flutter.share_provider"
85-->[:share] AndroidManifest.xml:10:13-74
86            android:exported="false"
86-->[:share] AndroidManifest.xml:11:13-37
87            android:grantUriPermissions="true" >
87-->[:share] AndroidManifest.xml:12:13-47
88            <meta-data
88-->[:share] AndroidManifest.xml:13:13-15:68
89                android:name="android.support.FILE_PROVIDER_PATHS"
89-->[:share] AndroidManifest.xml:14:17-67
90                android:resource="@xml/flutter_share_file_paths" />
90-->[:share] AndroidManifest.xml:15:17-65
91        </provider>
92    </application>
93
94</manifest>